<?xml version="1.0" encoding="UTF-8"?>
<!-- Generated by org.testng.reporters.JUnitReportReporter -->
<testsuite hostname="MacBook-Pro.local" failures="0" tests="1" name="com.qa.IspeakBetter2021.tests.LoginPageTest" time="11.637" errors="0" timestamp="03 Mar. 2021 19:30:51 GMT" skipped="0">
  <testcase classname="com.qa.IspeakBetter2021.tests.LoginPageTest" name="verifyLoginPageTitleTest" time="11.637"/>
</testsuite> <!-- com.qa.IspeakBetter2021.tests.LoginPageTest -->
